#
# There is insufficient memory for the Java Runtime Environment to continue.
# Native memory allocation (mmap) failed to map 266338304 bytes. Error detail: G1 virtual space
# Possible reasons:
#   The system is out of physical RAM or swap space
#   This process is running with CompressedOops enabled, and the Java Heap may be blocking the growth of the native heap
# Possible solutions:
#   Reduce memory load on the system
#   Increase physical memory or swap space
#   Check if swap backing store is full
#   Decrease Java heap size (-Xmx/-Xms)
#   Decrease number of Java threads
#   Decrease Java thread stack sizes (-Xss)
#   Set larger code cache with -XX:ReservedCodeCacheSize=
#   JVM is running with Zero Based Compressed Oops mode in which the Java heap is
#     placed in the first 32GB address space. The Java Heap base address is the
#     maximum limit for the native heap growth. Please use -XX:HeapBaseMinAddress
#     to set the Java Heap base and to place the Java Heap above 32GB virtual address.
# This output file may be truncated or incomplete.
#
#  Out of Memory Error (os_windows.cpp:3898), pid=23796, tid=12956
#
# JRE version:  (21.0.6+9) (build )
# Java VM: OpenJDK 64-Bit Server VM (21.0.6+9-b895.109, mixed mode, sharing, tiered, compressed oops, compressed class ptrs, g1 gc, windows-amd64)
# No core dump will be written. Minidumps are not enabled by default on client versions of Windows
#

---------------  S U M M A R Y ------------

Command Line: git4idea.http.GitAskPassApp Username for 'https://github.com': 

Host: Intel(R) Core(TM) i5-10300H CPU @ 2.50GHz, 8 cores, 15G,  Windows 11 , 64 bit Build 26100 (10.0.26100.3912)
Time: Wed May 21 11:16:57 2025 Turkey Standard Time elapsed time: 0.018715 seconds (0d 0h 0m 0s)

---------------  T H R E A D  ---------------

Current thread (0x000001a9c6967510):  JavaThread "Unknown thread" [_thread_in_vm, id=12956, stack(0x0000002675b00000,0x0000002675c00000) (1024K)]

Stack: [0x0000002675b00000,0x0000002675c00000]
Native frames: (J=compiled Java code, j=interpreted, Vv=VM code, C=native code)
V  [jvm.dll+0x6e5cb9]
V  [jvm.dll+0x8c4113]
V  [jvm.dll+0x8c666e]
V  [jvm.dll+0x8c6d53]
V  [jvm.dll+0x288f76]
V  [jvm.dll+0x6e2575]
V  [jvm.dll+0x6d602a]
V  [jvm.dll+0x3635db]
V  [jvm.dll+0x36b1a6]
V  [jvm.dll+0x3bd4f6]
V  [jvm.dll+0x3bd7c8]
V  [jvm.dll+0x335d2c]
V  [jvm.dll+0x336a1b]
V  [jvm.dll+0x88b569]
V  [jvm.dll+0x3ca6c8]
V  [jvm.dll+0x8745b8]
V  [jvm.dll+0x45f0de]
V  [jvm.dll+0x460dc1]
C  [jli.dll+0x52ab]
C  [ucrtbase.dll+0x37b0]
C  [KERNEL32.DLL+0x2e8d7]
C  [ntdll.dll+0x9c5dc]


---------------  P R O C E S S  ---------------

Threads class SMR info:
_java_thread_list=0x00007ffdbbf5a148, length=0, elements={
}

Java Threads: ( => current thread )
Total: 0

Other Threads:
  0x000001a9c8e05630 WorkerThread "GC Thread#0"                     [id=27348, stack(0x0000002675c00000,0x0000002675d00000) (1024K)]
  0x000001a9c8e17210 ConcurrentGCThread "G1 Main Marker"            [id=27688, stack(0x0000002675d00000,0x0000002675e00000) (1024K)]
  0x000001a9c8e17d10 WorkerThread "G1 Conc#0"                       [id=28044, stack(0x0000002675e00000,0x0000002675f00000) (1024K)]

[error occurred during error reporting (printing all threads), id 0xc0000005, EXCEPTION_ACCESS_VIOLATION (0xc0000005) at pc=0x00007ffdbb648e07]
VM state: not at safepoint (not fully initialized)

VM Mutex/Monitor currently owned by a thread:  ([mutex/lock_event])
[0x00007ffdbbfceb30] Heap_lock - owner thread: 0x000001a9c6967510

Heap address: 0x0000000702800000, size: 4056 MB, Compressed Oops mode: Zero based, Oop shift amount: 3

CDS archive(s) mapped at: [0x0000000000000000-0x0000000000000000-0x0000000000000000), size 0, SharedBaseAddress: 0x0000000800000000, ArchiveRelocationMode: 1.
Narrow klass base: 0x0000000000000000, Narrow klass shift: 0, Narrow klass range: 0x0

GC Precious Log:
 CardTable entry size: 512
 Card Set container configuration: InlinePtr #cards 4 size 8 Array Of Cards #cards 16 size 48 Howl #buckets 8 coarsen threshold 3686 Howl Bitmap #cards 512 size 80 coarsen threshold 460 Card regions per heap region 1 cards per card region 4096

Heap:
 garbage-first heap   total 0K, used 0K [0x0000000702800000, 0x0000000800000000)
  region size 2048K, 0 young (0K), 0 survivors (0K)
 Metaspace       used 0K, committed 0K, reserved 0K
  class space    used 0K, committed 0K, reserved 0K

Heap Regions: E=young(eden), S=young(survivor), O=old, HS=humongous(starts), HC=humongous(continues), CS=collection set, F=free, TAMS=top-at-mark-start, PB=parsable bottom

Card table byte_map: [0x000001a9dc900000,0x000001a9dd0f0000] _byte_map_base: 0x000001a9d90ec000

Marking Bits: (CMBitMap*) 0x000001a9c8e05d30
 Bits: [0x000001a9dd0f0000, 0x000001a9e1050000)

GC Heap History (0 events):
No events

Dll operation events (1 events):
Event: 0.014 Loaded shared library C:\Program Files\JetBrains\IntelliJ IDEA 2025.1\jbr\bin\java.dll

Deoptimization events (0 events):
No events

Classes loaded (0 events):
No events

Classes unloaded (0 events):
No events

Classes redefined (0 events):
No events

Internal exceptions (0 events):
No events

ZGC Phase Switch (0 events):
No events

VM Operations (0 events):
No events

Memory protections (0 events):
No events

Nmethod flushes (0 events):
No events

Events (0 events):
No events


Dynamic libraries:
0x00007ff686b70000 - 0x00007ff686b7a000 	C:\Program Files\JetBrains\IntelliJ IDEA 2025.1\jbr\bin\java.exe
0x00007ffe652a0000 - 0x00007ffe65506000 	C:\WINDOWS\SYSTEM32\ntdll.dll
0x00007ffe64050000 - 0x00007ffe64119000 	C:\WINDOWS\System32\KERNEL32.DLL
0x00007ffe62610000 - 0x00007ffe629dc000 	C:\WINDOWS\System32\KERNELBASE.dll
0x00007ffe624c0000 - 0x00007ffe6260b000 	C:\WINDOWS\System32\ucrtbase.dll
0x00007ffe2e090000 - 0x00007ffe2e0a8000 	C:\Program Files\JetBrains\IntelliJ IDEA 2025.1\jbr\bin\jli.dll
0x00007ffe32b30000 - 0x00007ffe32b4b000 	C:\Program Files\JetBrains\IntelliJ IDEA 2025.1\jbr\bin\VCRUNTIME140.dll
0x00007ffe65090000 - 0x00007ffe6525a000 	C:\WINDOWS\System32\USER32.dll
0x00007ffe616a0000 - 0x00007ffe6193a000 	C:\WINDOWS\WinSxS\amd64_microsoft.windows.common-controls_6595b64144ccf1df_6.0.26100.3912_none_3e07963ce335137e\COMCTL32.dll
0x00007ffe62aa0000 - 0x00007ffe62ac7000 	C:\WINDOWS\System32\win32u.dll
0x00007ffe63440000 - 0x00007ffe634e9000 	C:\WINDOWS\System32\msvcrt.dll
0x00007ffe63760000 - 0x00007ffe6378b000 	C:\WINDOWS\System32\GDI32.dll
0x00007ffe62cf0000 - 0x00007ffe62e22000 	C:\WINDOWS\System32\gdi32full.dll
0x00007ffe62e30000 - 0x00007ffe62ed3000 	C:\WINDOWS\System32\msvcp_win.dll
0x00007ffe646e0000 - 0x00007ffe64710000 	C:\WINDOWS\System32\IMM32.DLL
0x00007ffe4c130000 - 0x00007ffe4c13c000 	C:\Program Files\JetBrains\IntelliJ IDEA 2025.1\jbr\bin\vcruntime140_1.dll
0x00007ffe09f60000 - 0x00007ffe09fed000 	C:\Program Files\JetBrains\IntelliJ IDEA 2025.1\jbr\bin\msvcp140.dll
0x00007ffdbb300000 - 0x00007ffdbc0c1000 	C:\Program Files\JetBrains\IntelliJ IDEA 2025.1\jbr\bin\server\jvm.dll
0x00007ffe632d0000 - 0x00007ffe63382000 	C:\WINDOWS\System32\ADVAPI32.dll
0x00007ffe63390000 - 0x00007ffe63436000 	C:\WINDOWS\System32\sechost.dll
0x00007ffe64720000 - 0x00007ffe64836000 	C:\WINDOWS\System32\RPCRT4.dll
0x00007ffe63250000 - 0x00007ffe632c4000 	C:\WINDOWS\System32\WS2_32.dll
0x00007ffe61c70000 - 0x00007ffe61cce000 	C:\WINDOWS\SYSTEM32\POWRPROF.dll
0x00007ffe4a320000 - 0x00007ffe4a356000 	C:\WINDOWS\SYSTEM32\WINMM.dll
0x00007ffe5a270000 - 0x00007ffe5a27b000 	C:\WINDOWS\SYSTEM32\VERSION.dll
0x00007ffe61980000 - 0x00007ffe61994000 	C:\WINDOWS\SYSTEM32\UMPDC.dll
0x00007ffe60880000 - 0x00007ffe6089a000 	C:\WINDOWS\SYSTEM32\kernel.appcore.dll
0x00007ffe470e0000 - 0x00007ffe470ea000 	C:\Program Files\JetBrains\IntelliJ IDEA 2025.1\jbr\bin\jimage.dll
0x00007ffe61ce0000 - 0x00007ffe61f21000 	C:\WINDOWS\SYSTEM32\DBGHELP.DLL
0x00007ffe641a0000 - 0x00007ffe64524000 	C:\WINDOWS\System32\combase.dll
0x00007ffe63670000 - 0x00007ffe63750000 	C:\WINDOWS\System32\OLEAUT32.dll
0x00007ffe61b60000 - 0x00007ffe61b99000 	C:\WINDOWS\SYSTEM32\dbgcore.DLL
0x00007ffe62c50000 - 0x00007ffe62ce9000 	C:\WINDOWS\System32\bcryptPrimitives.dll
0x00007ffe2e0b0000 - 0x00007ffe2e0d0000 	C:\Program Files\JetBrains\IntelliJ IDEA 2025.1\jbr\bin\java.dll

dbghelp: loaded successfully - version: 4.0.5 - missing functions: none
symbol engine: initialized successfully - sym options: 0x614 - pdb path: .;C:\Program Files\JetBrains\IntelliJ IDEA 2025.1\jbr\bin;C:\WINDOWS\SYSTEM32;C:\WINDOWS\WinSxS\amd64_microsoft.windows.common-controls_6595b64144ccf1df_6.0.26100.3912_none_3e07963ce335137e;C:\Program Files\JetBrains\IntelliJ IDEA 2025.1\jbr\bin\server

VM Arguments:
java_command: git4idea.http.GitAskPassApp Username for 'https://github.com': 
java_class_path (initial): C:/Program Files/JetBrains/IntelliJ IDEA 2025.1/plugins/vcs-git/lib/git4idea-rt.jar;C:/Program Files/JetBrains/IntelliJ IDEA 2025.1/lib/externalProcess-rt.jar
Launcher Type: SUN_STANDARD

[Global flags]
     intx CICompilerCount                          = 4                                         {product} {ergonomic}
     uint ConcGCThreads                            = 2                                         {product} {ergonomic}
     uint G1ConcRefinementThreads                  = 8                                         {product} {ergonomic}
   size_t G1HeapRegionSize                         = 2097152                                   {product} {ergonomic}
    uintx GCDrainStackTargetSize                   = 64                                        {product} {ergonomic}
   size_t InitialHeapSize                          = 266338304                                 {product} {ergonomic}
   size_t MarkStackSize                            = 4194304                                   {product} {ergonomic}
   size_t MaxHeapSize                              = 4253024256                                {product} {ergonomic}
   size_t MinHeapDeltaBytes                        = 2097152                                   {product} {ergonomic}
   size_t MinHeapSize                              = 8388608                                   {product} {ergonomic}
    uintx NonNMethodCodeHeapSize                   = 5839372                                {pd product} {ergonomic}
    uintx NonProfiledCodeHeapSize                  = 122909434                              {pd product} {ergonomic}
    uintx ProfiledCodeHeapSize                     = 122909434                              {pd product} {ergonomic}
    uintx ReservedCodeCacheSize                    = 251658240                              {pd product} {ergonomic}
     bool SegmentedCodeCache                       = true                                      {product} {ergonomic}
   size_t SoftMaxHeapSize                          = 4253024256                             {manageable} {ergonomic}
     bool UseCompressedOops                        = true                           {product lp64_product} {ergonomic}
     bool UseG1GC                                  = true                                      {product} {ergonomic}
     bool UseLargePagesIndividualAllocation        = false                                  {pd product} {ergonomic}

Logging:
Log output configuration:
 #0: stdout all=warning uptime,level,tags foldmultilines=false
 #1: stderr all=off uptime,level,tags foldmultilines=false

Environment Variables:
JAVA_HOME=C:\Program Files\Java\jdk-23
PATH=C:\Program Files\Git\mingw64\libexec\git-core;C:\Program Files\Git\mingw64\libexec\git-core;C:\Program Files\Git\mingw64\bin;C:\Program Files\Git\usr\bin;C:\Users\feimr\bin;C:\Program Files\Common Files\Oracle\Java\javapath;C:\Program Files\Microsoft MPI\Bin;C:\ProgramData\Oracle\Java\javapath;C:\Program Files (x86)\Common Files\Intel\Shared Libraries\redist\intel64\compiler;C:\Windows\system32;C:\Windows;C:\Windows\System32\Wbem;C:\Windows\System32\WindowsPowerShell\v1.0;C:\Windows\System32\OpenSSH;C:\Program Files (x86)\NVIDIA Corporation\PhysX\Common;C:\WINDOWS\system32;C:\WINDOWS;C:\WINDOWS\System32\Wbem;C:\WINDOWS\System32\WindowsPowerShell\v1.0;C:\WINDOWS\System32\OpenSSH;C:\Program Files (x86)\Microsoft SQL Server\160\DTS\Binn;C:\Program Files (x86)\Microsoft SQL Server\160\Tools\Binn;C:\Program Files\Microsoft SQL Server\160\Tools\Binn;C:\Program Files\Microsoft SQL Server\Client SDK\ODBC\170\Tools\Binn;C:\Program Files\Microsoft SQL Server\160\DTS\Binn;C:\Users\feimr\AppData\Local\Programs\Python\Python313\Scripts;C:\Users\feimr\anaconda3\Scripts;C:\Program Files\NVIDIA Corporation\NVIDIA app\NvDLISR;C:\Program Files\nodejs;C:\ProgramData\chocolatey\bin;C:\Program Files (x86)\Windows Kits\10\Windows Performance Toolkit;C:\Program Files\Docker\Docker\resources\bin;C:\Program Files\Git\cmd;C:\Users\feimr\AppData\Local\Microsoft\WindowsApps;C:\Program Files\Azure Data Studio\bin;C:\Users\feimr\AppData\Local\Programs\Microsoft VS Code\bin;C:\Users\feimr\AppData\Roaming\npm;C:\flutter\src\flutter\bin;C:\Users\feimr\AppData\Local\Android\Sdk\cmdline-tools\latest\bin;C:\Program Files\Java\jdk-23\bin;C:\Program Files\JetBrains\IntelliJ IDEA 2025.1\bin
USERNAME=feimr
DISPLAY=:0.0
LC_ALL=en_US.UTF-8
TERM=xterm-256color
TMPDIR=C:\Users\feimr\AppData\Local\Temp
OS=Windows_NT
PROCESSOR_IDENTIFIER=Intel64 Family 6 Model 165 Stepping 2, GenuineIntel
TMP=C:\Users\feimr\AppData\Local\Temp
TEMP=C:\Users\feimr\AppData\Local\Temp




Periodic native trim disabled

JNI global refs:
JNI global refs: 0, weak refs: 0

JNI global refs memory usage: 0, weak refs: 0

Process memory usage:
Resident Set Size: 13008K (0% of 16611632K total physical memory with 2341008K free physical memory)

OOME stack traces (most recent first):
Classloader memory used:

---------------  S Y S T E M  ---------------

OS:
 Windows 11 , 64 bit Build 26100 (10.0.26100.3912)
OS uptime: 12 days 2:44 hours
Hyper-V role detected

CPU: total 8 (initial active 8) (4 cores per cpu, 2 threads per core) family 6 model 165 stepping 2 microcode 0xe0, cx8, cmov, fxsr, ht, mmx, 3dnowpref, sse, sse2, sse3, ssse3, sse4.1, sse4.2, popcnt, lzcnt, tsc, tscinvbit, avx, avx2, aes, erms, clmul, bmi1, bmi2, adx, fma, vzeroupper, clflush, clflushopt, hv, rdtscp, f16c
Processor Information for the first 8 processors :
  Max Mhz: 2496, Current Mhz: 2496, Mhz Limit: 2496

Memory: 4k page, system-wide physical 16222M (2286M free)
TotalPageFile size 21946M (AvailPageFile size 114M)
current process WorkingSet (physical memory assigned to process): 12M, peak: 12M
current process commit charge ("private bytes"): 60M, peak: 314M

vm_info: OpenJDK 64-Bit Server VM (21.0.6+9-b895.109) for windows-amd64 JRE (21.0.6+9-b895.109), built on 2025-03-26 by "builduser" with MS VC++ 16.10 / 16.11 (VS2019)

END.
